This is pdfTeX, Version 3.1415926-2.4-1.40.13 (TeX Live 2012) (format=pdflatex 2013.4.25)  13 MAY 2015 10:15
entering extended mode
 restricted \write18 enabled.
 file:line:error style messages enabled.
 %&-line parsing enabled.
**dipp.tex
(./dipp.tex
LaTeX2e <2011/06/27>
Babel <v3.8m> and hyphenation patterns for english, dumylang, nohyphenation, ge
rman-x-2012-05-30, ngerman-x-2012-05-30, afrikaans, ancientgreek, ibycus, arabi
c, armenian, basque, bulgarian, catalan, pinyin, coptic, croatian, czech, danis
h, dutch, ukenglish, usenglishmax, esperanto, estonian, ethiopic, farsi, finnis
h, french, friulan, galician, german, ngerman, swissgerman, monogreek, greek, h
ungarian, icelandic, assamese, bengali, gujarati, hindi, kannada, malayalam, ma
rathi, oriya, panjabi, tamil, telugu, indonesian, interlingua, irish, italian, 
kurmanji, latin, latvian, lithuanian, mongolian, mongolianlmc, bokmal, nynorsk,
 polish, portuguese, romanian, romansh, russian, sanskrit, serbian, serbianc, s
lovak, slovenian, spanish, swedish, turkish, turkmen, ukrainian, uppersorbian, 
welsh, loaded.
(/usr/local/texlive/2012/texmf-dist/tex/latex/base/article.cls
Document Class: article 2007/10/19 v1.4h Standard LaTeX document class
(/usr/local/texlive/2012/texmf-dist/tex/latex/base/size12.clo
File: size12.clo 2007/10/19 v1.4h Standard LaTeX file (size option)
)
\c@part=\count79
\c@section=\count80
\c@subsection=\count81
\c@subsubsection=\count82
\c@paragraph=\count83
\c@subparagraph=\count84
\c@figure=\count85
\c@table=\count86
\abovecaptionskip=\skip41
\belowcaptionskip=\skip42
\bibindent=\dimen102
)
(/usr/local/texlive/2012/texmf-dist/tex/latex/base/inputenc.sty
Package: inputenc 2008/03/30 v1.1d Input encoding file
\inpenc@prehook=\toks14
\inpenc@posthook=\toks15

(/usr/local/texlive/2012/texmf-dist/tex/latex/ucs/utf8x.def
File: utf8x.def 2004/10/17 UCS: Input encoding UTF-8
))
(/usr/local/texlive/2012/texmf-dist/tex/latex/ucs/ucs.sty
Package: ucs 2004/10/17 UCS: Unicode input support

(/usr/local/texlive/2012/texmf-dist/tex/latex/ucs/data/uni-global.def
File: uni-global.def 2012/04/20 UCS: Unicode global data
)
\uc@secondtry=\count87
\uc@combtoks=\toks16
\uc@combtoksb=\toks17
\uc@temptokena=\toks18
)
(/usr/local/texlive/2012/texmf-dist/tex/generic/babel/babel.sty
Package: babel 2008/07/08 v3.8m The Babel package

(/usr/local/texlive/2012/texmf-dist/tex/generic/babel/czech.ldf
Language: czech 2008/07/06 v3.1a Czech support from the babel system

(/usr/local/texlive/2012/texmf-dist/tex/generic/babel/babel.def
File: babel.def 2008/07/08 v3.8m Babel common definitions
\babel@savecnt=\count88
\U@D=\dimen103
)
Package babel Info: Making " an active character on input line 172.
\cs@wordlen=\count89
Package babel Info: Making - an active character on input line 226.
)) (./dipp.sty
(/usr/local/texlive/2012/texmf-dist/tex/latex/float/float.sty
Package: float 2001/11/08 v1.3d Float enhancements (AL)
\c@float@type=\count90
\float@exts=\toks19
\float@box=\box26
\@float@everytoks=\toks20
\@floatcapt=\box27
)
(/usr/local/texlive/2012/texmf-dist/tex/latex/graphics/graphicx.sty

LaTeX Warning: You have requested package `dipp',
               but the package provides `graphicx'.

Package: graphicx 1999/02/16 v1.0f Enhanced LaTeX Graphics (DPC,SPQR)
(/usr/local/texlive/2012/texmf-dist/tex/latex/graphics/keyval.sty
Package: keyval 1999/03/16 v1.13 key=value parser (DPC)
\KV@toks@=\toks21
)
(/usr/local/texlive/2012/texmf-dist/tex/latex/graphics/graphics.sty
Package: graphics 2009/02/05 v1.0o Standard LaTeX Graphics (DPC,SPQR)

(/usr/local/texlive/2012/texmf-dist/tex/latex/graphics/trig.sty
Package: trig 1999/03/16 v1.09 sin cos tan (DPC)
)
(/usr/local/texlive/2012/texmf-dist/tex/latex/latexconfig/graphics.cfg
File: graphics.cfg 2010/04/23 v1.9 graphics configuration of TeX Live
)
Package graphics Info: Driver file: pdftex.def on input line 91.

(/usr/local/texlive/2012/texmf-dist/tex/latex/pdftex-def/pdftex.def
File: pdftex.def 2011/05/27 v0.06d Graphics/color for pdfTeX

(/usr/local/texlive/2012/texmf-dist/tex/generic/oberdiek/infwarerr.sty
Package: infwarerr 2010/04/08 v1.3 Providing info/warning/error messages (HO)
)
(/usr/local/texlive/2012/texmf-dist/tex/generic/oberdiek/ltxcmds.sty
Package: ltxcmds 2011/11/09 v1.22 LaTeX kernel commands for general use (HO)
)
\Gread@gobject=\count91
))
\Gin@req@height=\dimen104
\Gin@req@width=\dimen105
)
\leftmargini=\dimen106
\leftmarginii=\dimen107
\leftmarginiii=\dimen108
\leftmarginiv=\dimen109
\leftmarginv=\dimen110
\leftmarginvi=\dimen111
)
(/usr/local/texlive/2012/texmf-dist/tex/latex/listings/listings.sty
\lst@mode=\count92
\lst@gtempboxa=\box28
\lst@token=\toks22
\lst@length=\count93
\lst@currlwidth=\dimen112
\lst@column=\count94
\lst@pos=\count95
\lst@lostspace=\dimen113
\lst@width=\dimen114
\lst@newlines=\count96
\lst@lineno=\count97
\lst@maxwidth=\dimen115

(/usr/local/texlive/2012/texmf-dist/tex/latex/listings/lstmisc.sty
File: lstmisc.sty 2007/02/22 1.4 (Carsten Heinz)
\c@lstnumber=\count98
\lst@skipnumbers=\count99
\lst@framebox=\box29
)
(/usr/local/texlive/2012/texmf-dist/tex/latex/listings/listings.cfg
File: listings.cfg 2007/02/22 1.4 listings configuration
))
Package: listings 2007/02/22 1.4 (Carsten Heinz)

(/usr/local/texlive/2012/texmf-dist/tex/latex/pgfplots/pgfplots.sty
(/usr/local/texlive/2012/texmf-dist/tex/generic/pgfplots/pgfplots.revision.tex)
Package: pgfplots 2011/12/29 v1.5.1 (git show 1.5.1-4-g53e640f )
(/usr/local/texlive/2012/texmf-dist/tex/latex/pgf/frontendlayer/tikz.sty
(/usr/local/texlive/2012/texmf-dist/tex/latex/pgf/basiclayer/pgf.sty
(/usr/local/texlive/2012/texmf-dist/tex/latex/pgf/utilities/pgfrcs.sty
(/usr/local/texlive/2012/texmf-dist/tex/generic/pgf/utilities/pgfutil-common.te
x
\pgfutil@everybye=\toks23
)
(/usr/local/texlive/2012/texmf-dist/tex/generic/pgf/utilities/pgfutil-latex.def
\pgfutil@abb=\box30
(/usr/local/texlive/2012/texmf-dist/tex/latex/ms/everyshi.sty
Package: everyshi 2001/05/15 v3.00 EveryShipout Package (MS)
))
(/usr/local/texlive/2012/texmf-dist/tex/generic/pgf/utilities/pgfrcs.code.tex
Package: pgfrcs 2010/10/25 v2.10 (rcs-revision 1.24)
))
Package: pgf 2008/01/15 v2.10 (rcs-revision 1.12)
(/usr/local/texlive/2012/texmf-dist/tex/latex/pgf/basiclayer/pgfcore.sty
(/usr/local/texlive/2012/texmf-dist/tex/latex/graphics/graphicx.sty
Package: graphicx 1999/02/16 v1.0f Enhanced LaTeX Graphics (DPC,SPQR)
\Gin@req@height=\dimen116
\Gin@req@width=\dimen117
)
(/usr/local/texlive/2012/texmf-dist/tex/latex/pgf/systemlayer/pgfsys.sty
(/usr/local/texlive/2012/texmf-dist/tex/generic/pgf/systemlayer/pgfsys.code.tex
Package: pgfsys 2010/06/30 v2.10 (rcs-revision 1.37)
(/usr/local/texlive/2012/texmf-dist/tex/generic/pgf/utilities/pgfkeys.code.tex
\pgfkeys@pathtoks=\toks24
\pgfkeys@temptoks=\toks25

(/usr/local/texlive/2012/texmf-dist/tex/generic/pgf/utilities/pgfkeysfiltered.c
ode.tex
\pgfkeys@tmptoks=\toks26
))
\pgf@x=\dimen118
\pgf@y=\dimen119
\pgf@xa=\dimen120
\pgf@ya=\dimen121
\pgf@xb=\dimen122
\pgf@yb=\dimen123
\pgf@xc=\dimen124
\pgf@yc=\dimen125
\w@pgf@writea=\write3
\r@pgf@reada=\read1
\c@pgf@counta=\count100
\c@pgf@countb=\count101
\c@pgf@countc=\count102
\c@pgf@countd=\count103

(/usr/local/texlive/2012/texmf-dist/tex/generic/pgf/systemlayer/pgf.cfg
File: pgf.cfg 2008/05/14  (rcs-revision 1.7)
)
Package pgfsys Info: Driver file for pgf: pgfsys-pdftex.def on input line 900.

(/usr/local/texlive/2012/texmf-dist/tex/generic/pgf/systemlayer/pgfsys-pdftex.d
ef
File: pgfsys-pdftex.def 2009/05/22  (rcs-revision 1.26)

(/usr/local/texlive/2012/texmf-dist/tex/generic/pgf/systemlayer/pgfsys-common-p
df.def
File: pgfsys-common-pdf.def 2008/05/19  (rcs-revision 1.10)
)))
(/usr/local/texlive/2012/texmf-dist/tex/generic/pgf/systemlayer/pgfsyssoftpath.
code.tex
File: pgfsyssoftpath.code.tex 2008/07/18  (rcs-revision 1.7)
\pgfsyssoftpath@smallbuffer@items=\count104
\pgfsyssoftpath@bigbuffer@items=\count105
)
(/usr/local/texlive/2012/texmf-dist/tex/generic/pgf/systemlayer/pgfsysprotocol.
code.tex
File: pgfsysprotocol.code.tex 2006/10/16  (rcs-revision 1.4)
)) (/usr/local/texlive/2012/texmf-dist/tex/latex/xcolor/xcolor.sty
Package: xcolor 2007/01/21 v2.11 LaTeX color extensions (UK)

(/usr/local/texlive/2012/texmf-dist/tex/latex/latexconfig/color.cfg
File: color.cfg 2007/01/18 v1.5 color configuration of teTeX/TeXLive
)
Package xcolor Info: Driver file: pdftex.def on input line 225.
Package xcolor Info: Model `cmy' substituted by `cmy0' on input line 1337.
Package xcolor Info: Model `hsb' substituted by `rgb' on input line 1341.
Package xcolor Info: Model `RGB' extended on input line 1353.
Package xcolor Info: Model `HTML' substituted by `rgb' on input line 1355.
Package xcolor Info: Model `Hsb' substituted by `hsb' on input line 1356.
Package xcolor Info: Model `tHsb' substituted by `hsb' on input line 1357.
Package xcolor Info: Model `HSB' substituted by `hsb' on input line 1358.
Package xcolor Info: Model `Gray' substituted by `gray' on input line 1359.
Package xcolor Info: Model `wave' substituted by `hsb' on input line 1360.
)
(/usr/local/texlive/2012/texmf-dist/tex/generic/pgf/basiclayer/pgfcore.code.tex
Package: pgfcore 2010/04/11 v2.10 (rcs-revision 1.7)
(/usr/local/texlive/2012/texmf-dist/tex/generic/pgf/math/pgfmath.code.tex
(/usr/local/texlive/2012/texmf-dist/tex/generic/pgf/math/pgfmathcalc.code.tex
(/usr/local/texlive/2012/texmf-dist/tex/generic/pgf/math/pgfmathutil.code.tex)
(/usr/local/texlive/2012/texmf-dist/tex/generic/pgf/math/pgfmathparser.code.tex
\pgfmath@dimen=\dimen126
\pgfmath@count=\count106
\pgfmath@box=\box31
\pgfmath@toks=\toks27
\pgfmath@stack@operand=\toks28
\pgfmath@stack@operation=\toks29
)
(/usr/local/texlive/2012/texmf-dist/tex/generic/pgf/math/pgfmathfunctions.code.
tex
(/usr/local/texlive/2012/texmf-dist/tex/generic/pgf/math/pgfmathfunctions.basic
.code.tex)
(/usr/local/texlive/2012/texmf-dist/tex/generic/pgf/math/pgfmathfunctions.trigo
nometric.code.tex)
(/usr/local/texlive/2012/texmf-dist/tex/generic/pgf/math/pgfmathfunctions.rando
m.code.tex)
(/usr/local/texlive/2012/texmf-dist/tex/generic/pgf/math/pgfmathfunctions.compa
rison.code.tex)
(/usr/local/texlive/2012/texmf-dist/tex/generic/pgf/math/pgfmathfunctions.base.
code.tex)
(/usr/local/texlive/2012/texmf-dist/tex/generic/pgf/math/pgfmathfunctions.round
.code.tex)
(/usr/local/texlive/2012/texmf-dist/tex/generic/pgf/math/pgfmathfunctions.misc.
code.tex)))
(/usr/local/texlive/2012/texmf-dist/tex/generic/pgf/math/pgfmathfloat.code.tex
\c@pgfmathroundto@lastzeros=\count107
))
(/usr/local/texlive/2012/texmf-dist/tex/generic/pgf/basiclayer/pgfcorepoints.co
de.tex
File: pgfcorepoints.code.tex 2010/04/09  (rcs-revision 1.20)
\pgf@picminx=\dimen127
\pgf@picmaxx=\dimen128
\pgf@picminy=\dimen129
\pgf@picmaxy=\dimen130
\pgf@pathminx=\dimen131
\pgf@pathmaxx=\dimen132
\pgf@pathminy=\dimen133
\pgf@pathmaxy=\dimen134
\pgf@xx=\dimen135
\pgf@xy=\dimen136
\pgf@yx=\dimen137
\pgf@yy=\dimen138
\pgf@zx=\dimen139
\pgf@zy=\dimen140
)
(/usr/local/texlive/2012/texmf-dist/tex/generic/pgf/basiclayer/pgfcorepathconst
ruct.code.tex
File: pgfcorepathconstruct.code.tex 2010/08/03  (rcs-revision 1.24)
\pgf@path@lastx=\dimen141
\pgf@path@lasty=\dimen142
)
(/usr/local/texlive/2012/texmf-dist/tex/generic/pgf/basiclayer/pgfcorepathusage
.code.tex
File: pgfcorepathusage.code.tex 2008/04/22  (rcs-revision 1.12)
\pgf@shorten@end@additional=\dimen143
\pgf@shorten@start@additional=\dimen144
)
(/usr/local/texlive/2012/texmf-dist/tex/generic/pgf/basiclayer/pgfcorescopes.co
de.tex
File: pgfcorescopes.code.tex 2010/09/08  (rcs-revision 1.34)
\pgfpic=\box32
\pgf@hbox=\box33
\pgf@layerbox@main=\box34
\pgf@picture@serial@count=\count108
)
(/usr/local/texlive/2012/texmf-dist/tex/generic/pgf/basiclayer/pgfcoregraphicst
ate.code.tex
File: pgfcoregraphicstate.code.tex 2008/04/22  (rcs-revision 1.9)
\pgflinewidth=\dimen145
)
(/usr/local/texlive/2012/texmf-dist/tex/generic/pgf/basiclayer/pgfcoretransform
ations.code.tex
File: pgfcoretransformations.code.tex 2009/06/10  (rcs-revision 1.11)
\pgf@pt@x=\dimen146
\pgf@pt@y=\dimen147
\pgf@pt@temp=\dimen148
)
(/usr/local/texlive/2012/texmf-dist/tex/generic/pgf/basiclayer/pgfcorequick.cod
e.tex
File: pgfcorequick.code.tex 2008/10/09  (rcs-revision 1.3)
)
(/usr/local/texlive/2012/texmf-dist/tex/generic/pgf/basiclayer/pgfcoreobjects.c
ode.tex
File: pgfcoreobjects.code.tex 2006/10/11  (rcs-revision 1.2)
)
(/usr/local/texlive/2012/texmf-dist/tex/generic/pgf/basiclayer/pgfcorepathproce
ssing.code.tex
File: pgfcorepathprocessing.code.tex 2008/10/09  (rcs-revision 1.8)
)
(/usr/local/texlive/2012/texmf-dist/tex/generic/pgf/basiclayer/pgfcorearrows.co
de.tex
File: pgfcorearrows.code.tex 2008/04/23  (rcs-revision 1.11)
)
(/usr/local/texlive/2012/texmf-dist/tex/generic/pgf/basiclayer/pgfcoreshade.cod
e.tex
File: pgfcoreshade.code.tex 2008/11/23  (rcs-revision 1.13)
\pgf@max=\dimen149
\pgf@sys@shading@range@num=\count109
)
(/usr/local/texlive/2012/texmf-dist/tex/generic/pgf/basiclayer/pgfcoreimage.cod
e.tex
File: pgfcoreimage.code.tex 2010/03/25  (rcs-revision 1.16)

(/usr/local/texlive/2012/texmf-dist/tex/generic/pgf/basiclayer/pgfcoreexternal.
code.tex
File: pgfcoreexternal.code.tex 2010/09/01  (rcs-revision 1.17)
\pgfexternal@startupbox=\box35
))
(/usr/local/texlive/2012/texmf-dist/tex/generic/pgf/basiclayer/pgfcorelayers.co
de.tex
File: pgfcorelayers.code.tex 2010/08/27  (rcs-revision 1.2)
)
(/usr/local/texlive/2012/texmf-dist/tex/generic/pgf/basiclayer/pgfcoretranspare
ncy.code.tex
File: pgfcoretransparency.code.tex 2008/01/17  (rcs-revision 1.2)
)
(/usr/local/texlive/2012/texmf-dist/tex/generic/pgf/basiclayer/pgfcorepatterns.
code.tex
File: pgfcorepatterns.code.tex 2009/07/02  (rcs-revision 1.3)
)))
(/usr/local/texlive/2012/texmf-dist/tex/generic/pgf/modules/pgfmoduleshapes.cod
e.tex
File: pgfmoduleshapes.code.tex 2010/09/09  (rcs-revision 1.13)
\pgfnodeparttextbox=\box36
)
(/usr/local/texlive/2012/texmf-dist/tex/generic/pgf/modules/pgfmoduleplot.code.
tex
File: pgfmoduleplot.code.tex 2010/10/22  (rcs-revision 1.8)
)
(/usr/local/texlive/2012/texmf-dist/tex/latex/pgf/compatibility/pgfcomp-version
-0-65.sty
Package: pgfcomp-version-0-65 2007/07/03 v2.10 (rcs-revision 1.7)
\pgf@nodesepstart=\dimen150
\pgf@nodesepend=\dimen151
)
(/usr/local/texlive/2012/texmf-dist/tex/latex/pgf/compatibility/pgfcomp-version
-1-18.sty
Package: pgfcomp-version-1-18 2007/07/23 v2.10 (rcs-revision 1.1)
))
(/usr/local/texlive/2012/texmf-dist/tex/latex/pgf/utilities/pgffor.sty
(/usr/local/texlive/2012/texmf-dist/tex/latex/pgf/utilities/pgfkeys.sty
(/usr/local/texlive/2012/texmf-dist/tex/generic/pgf/utilities/pgfkeys.code.tex)
) (/usr/local/texlive/2012/texmf-dist/tex/generic/pgf/utilities/pgffor.code.tex
Package: pgffor 2010/03/23 v2.10 (rcs-revision 1.18)
\pgffor@iter=\dimen152
\pgffor@skip=\dimen153
\pgffor@stack=\toks30
\pgffor@toks=\toks31
))
(/usr/local/texlive/2012/texmf-dist/tex/generic/pgf/frontendlayer/tikz/tikz.cod
e.tex
Package: tikz 2010/10/13 v2.10 (rcs-revision 1.76)

(/usr/local/texlive/2012/texmf-dist/tex/generic/pgf/libraries/pgflibraryplothan
dlers.code.tex
File: pgflibraryplothandlers.code.tex 2010/05/31 v2.10 (rcs-revision 1.15)
\pgf@plot@mark@count=\count110
\pgfplotmarksize=\dimen154
)
\tikz@lastx=\dimen155
\tikz@lasty=\dimen156
\tikz@lastxsaved=\dimen157
\tikz@lastysaved=\dimen158
\tikzleveldistance=\dimen159
\tikzsiblingdistance=\dimen160
\tikz@figbox=\box37
\tikz@tempbox=\box38
\tikztreelevel=\count111
\tikznumberofchildren=\count112
\tikznumberofcurrentchild=\count113
\tikz@fig@count=\count114

(/usr/local/texlive/2012/texmf-dist/tex/generic/pgf/modules/pgfmodulematrix.cod
e.tex
File: pgfmodulematrix.code.tex 2010/08/24  (rcs-revision 1.4)
\pgfmatrixcurrentrow=\count115
\pgfmatrixcurrentcolumn=\count116
\pgf@matrix@numberofcolumns=\count117
)
\tikz@expandcount=\count118

(/usr/local/texlive/2012/texmf-dist/tex/generic/pgf/frontendlayer/tikz/librarie
s/tikzlibrarytopaths.code.tex
File: tikzlibrarytopaths.code.tex 2008/06/17 v2.10 (rcs-revision 1.2)
)))
(/usr/local/texlive/2012/texmf-dist/tex/generic/pgfplots/pgfplots.code.tex
(/usr/local/texlive/2012/texmf-dist/tex/generic/pgfplots/pgfplotscore.code.tex
\t@pgfplots@toka=\toks32
\t@pgfplots@tokb=\toks33
\t@pgfplots@tokc=\toks34
\pgfplots@tmpa=\dimen161
\c@pgfplots@coordindex=\count119
\c@pgfplots@scanlineindex=\count120

(/usr/local/texlive/2012/texmf-dist/tex/generic/pgfplots/sys/pgfplotssysgeneric
.code.tex))
(/usr/local/texlive/2012/texmf-dist/tex/generic/pgfplots/libs/pgfplotslibrary.c
ode.tex)
(/usr/local/texlive/2012/texmf-dist/tex/generic/pgfplots/oldpgfcompatib/pgfplot
soldpgfsupp_loader.code.tex
Package pgfplots: loading complementary code for your PGF version...

(/usr/local/texlive/2012/texmf-dist/tex/generic/pgfplots/oldpgfcompatib/pgfplot
soldpgfsupp_misc.code.tex)
(/usr/local/texlive/2012/texmf-dist/tex/generic/pgfplots/oldpgfcompatib/pgfplot
soldpgfsupp_pgfkeys.code.tex
\pgfkeys@pathtoks=\toks35
\pgfkeys@temptoks=\toks36

(/usr/local/texlive/2012/texmf-dist/tex/generic/pgfplots/oldpgfcompatib/pgfplot
soldpgfsupp_pgfkeysfiltered.code.tex
\pgfkeys@tmptoks=\toks37
))
(/usr/local/texlive/2012/texmf-dist/tex/generic/pgfplots/oldpgfcompatib/pgfplot
soldpgfsupp_pgfmathfloat.code.tex
\c@pgfmathroundto@lastzeros=\count121
)
(/usr/local/texlive/2012/texmf-dist/tex/generic/pgfplots/oldpgfcompatib/pgfplot
soldpgfsupp_pgflibraryplothandlers.code.tex
File: pgflibraryplothandlers.code.tex 2011/12/28 v2.10 (rcs-revision 1.16)
\pgf@plot@mark@count=\count122
\pgfplotmarksize=\dimen162
)
(/usr/local/texlive/2012/texmf-dist/tex/generic/pgfplots/oldpgfcompatib/pgfplot
soldpgfsupp_pgflibraryfpu.code.tex))
(/usr/local/texlive/2012/texmf-dist/tex/generic/pgfplots/util/pgfplotsutil.code
.tex
(/usr/local/texlive/2012/texmf-dist/tex/generic/pgfplots/liststructure/pgfplots
liststructure.code.tex)
(/usr/local/texlive/2012/texmf-dist/tex/generic/pgfplots/liststructure/pgfplots
liststructureext.code.tex)
(/usr/local/texlive/2012/texmf-dist/tex/generic/pgfplots/liststructure/pgfplots
array.code.tex
\c@pgfplotsarray@tmp=\count123
)
(/usr/local/texlive/2012/texmf-dist/tex/generic/pgfplots/liststructure/pgfplots
matrix.code.tex)
(/usr/local/texlive/2012/texmf-dist/tex/generic/pgfplots/numtable/pgfplotstable
shared.code.tex
\c@pgfplotstable@counta=\count124
\t@pgfplotstable@a=\toks38
)
(/usr/local/texlive/2012/texmf-dist/tex/generic/pgfplots/liststructure/pgfplots
deque.code.tex)
(/usr/local/texlive/2012/texmf-dist/tex/generic/pgfplots/util/pgfplotsbinary.co
de.tex)
(/usr/local/texlive/2012/texmf-dist/tex/generic/pgfplots/util/pgfplotsutil.verb
.code.tex)
(/usr/local/texlive/2012/texmf-dist/tex/generic/pgfplots/libs/pgflibrarypgfplot
s.surfshading.code.tex
\c@pgfplotslibrarysurf@no=\count125

(/usr/local/texlive/2012/texmf-dist/tex/generic/pgfplots/sys/pgflibrarypgfplots
.surfshading.pgfsys-pdftex.def)))
(/usr/local/texlive/2012/texmf-dist/tex/generic/pgfplots/util/pgfplotscolormap.
code.tex)
(/usr/local/texlive/2012/texmf-dist/tex/generic/pgfplots/pgfplotsstackedplots.c
ode.tex)
(/usr/local/texlive/2012/texmf-dist/tex/generic/pgfplots/pgfplotsplothandlers.c
ode.tex
(/usr/local/texlive/2012/texmf-dist/tex/generic/pgfplots/pgfplotsmeshplothandle
r.code.tex))
(/usr/local/texlive/2012/texmf-dist/tex/generic/pgfplots/pgfplotscoordprocessin
g.code.tex)
(/usr/local/texlive/2012/texmf-dist/tex/generic/pgfplots/pgfplotsticks.code.tex
)
(/usr/local/texlive/2012/texmf-dist/tex/generic/pgfplots/pgfplots.paths.code.te
x)
(/usr/local/texlive/2012/texmf-dist/tex/generic/pgf/frontendlayer/tikz/librarie
s/tikzlibrarydecorations.code.tex
(/usr/local/texlive/2012/texmf-dist/tex/generic/pgf/modules/pgfmoduledecoration
s.code.tex
\pgfdecoratedcompleteddistance=\dimen163
\pgfdecoratedremainingdistance=\dimen164
\pgfdecoratedinputsegmentcompleteddistance=\dimen165
\pgfdecoratedinputsegmentremainingdistance=\dimen166
\pgf@decorate@distancetomove=\dimen167
\pgf@decorate@repeatstate=\count126
\pgfdecorationsegmentamplitude=\dimen168
\pgfdecorationsegmentlength=\dimen169
)
\tikz@lib@dec@box=\box39
)
(/usr/local/texlive/2012/texmf-dist/tex/generic/pgf/frontendlayer/tikz/librarie
s/tikzlibrarydecorations.pathmorphing.code.tex
(/usr/local/texlive/2012/texmf-dist/tex/generic/pgf/libraries/decorations/pgfli
brarydecorations.pathmorphing.code.tex))
(/usr/local/texlive/2012/texmf-dist/tex/generic/pgf/frontendlayer/tikz/librarie
s/tikzlibrarydecorations.pathreplacing.code.tex
(/usr/local/texlive/2012/texmf-dist/tex/generic/pgf/libraries/decorations/pgfli
brarydecorations.pathreplacing.code.tex))
\pgfplots@numplots=\count127
\pgfplots@xmin@reg=\dimen170
\pgfplots@xmax@reg=\dimen171
\pgfplots@ymin@reg=\dimen172
\pgfplots@ymax@reg=\dimen173
\pgfplots@zmin@reg=\dimen174
\pgfplots@zmax@reg=\dimen175
)
(/usr/local/texlive/2012/texmf-dist/tex/generic/pgf/frontendlayer/tikz/librarie
s/tikzlibraryplotmarks.code.tex
File: tikzlibraryplotmarks.code.tex 2008/01/09 v2.10 (rcs-revision 1.1)

(/usr/local/texlive/2012/texmf-dist/tex/generic/pgf/libraries/pgflibraryplotmar
ks.code.tex
File: pgflibraryplotmarks.code.tex 2010/10/15 v2.10 (rcs-revision 1.12)
)))
(/usr/local/texlive/2012/texmf-dist/tex/latex/pgfplots/pgfplotstable.sty
Package: pgfplotstable 2011/12/19 Part of pgfplots

(/usr/local/texlive/2012/texmf-dist/tex/generic/pgfplots/numtable/pgfplotstable
.code.tex
(/usr/local/texlive/2012/texmf-dist/tex/generic/pgfplots/numtable/pgfplotstable
.coltype.code.tex))
(/usr/local/texlive/2012/texmf-dist/tex/latex/tools/array.sty
Package: array 2008/09/09 v2.4c Tabular extension package (FMi)
\col@sep=\dimen176
\extrarowheight=\dimen177
\NC@list=\toks39
\extratabsurround=\skip43
\backup@length=\skip44
))
(/usr/local/texlive/2012/texmf-dist/tex/latex/filecontents/filecontents.sty
Package: filecontents 2011/10/08 v1.3 Create an external file from within a LaT
eX document
)
(/usr/local/texlive/2012/texmf-dist/tex/latex/comment/comment.sty
\CommentStream=\write4

Excluding comment 'comment')
(/usr/local/texlive/2012/texmf-dist/tex/latex/adjustbox/adjustbox.sty
Package: adjustbox 2012/05/21 v1.0 Adjusting TeX boxes (trim, clip, ...)

(/usr/local/texlive/2012/texmf-dist/tex/latex/xkeyval/xkeyval.sty
Package: xkeyval 2008/08/13 v2.6a package option processing (HA)

(/usr/local/texlive/2012/texmf-dist/tex/generic/xkeyval/xkeyval.tex
\XKV@toks=\toks40
\XKV@tempa@toks=\toks41
\XKV@depth=\count128
File: xkeyval.tex 2008/08/13 v2.6a key=value parser (HA)
))
(/usr/local/texlive/2012/texmf-dist/tex/latex/adjustbox/adjcalc.sty
Package: adjcalc 2012/05/16 v1.1 Provides advanced setlength with multiple back
-ends (calc, etex, pgfmath)
)
(/usr/local/texlive/2012/texmf-dist/tex/latex/adjustbox/trimclip.sty
Package: trimclip 2012/05/16 v1.0 Trim and clip general TeX material

(/usr/local/texlive/2012/texmf-dist/tex/latex/collectbox/collectbox.sty
Package: collectbox 2012/05/17 v0.4b Collect macro arguments as boxes
\collectedbox=\box40
)
\tc@llx=\dimen178
\tc@lly=\dimen179
\tc@urx=\dimen180
\tc@ury=\dimen181
Package trimclip Info: Using driver 'tc-pdftex.def'.

(/usr/local/texlive/2012/texmf-dist/tex/latex/adjustbox/tc-pdftex.def
File: tc-pdftex.def 2012/05/13 v1.0 Clipping driver for pdftex
))
\adjbox@Width=\dimen182
\adjbox@Height=\dimen183
\adjbox@Depth=\dimen184
\adjbox@Totalheight=\dimen185

(/usr/local/texlive/2012/texmf-dist/tex/latex/ifoddpage/ifoddpage.sty
Package: ifoddpage 2011/09/13 v1.0 Conditionals for odd/even page detection
\c@checkoddpage=\count129
)
(/usr/local/texlive/2012/texmf-dist/tex/latex/varwidth/varwidth.sty
Package: varwidth 2009/03/30 ver 0.92;  Variable-width minipages
\@vwid@box=\box41
\sift@deathcycles=\count130
\@vwid@loff=\dimen186
\@vwid@roff=\dimen187
))
(/usr/local/texlive/2012/texmf-dist/tex/latex/caption/caption.sty
Package: caption 2012/02/19 v3.2f Customizing captions (AR)

(/usr/local/texlive/2012/texmf-dist/tex/latex/caption/caption3.sty
Package: caption3 2012/01/12 v1.4b caption3 kernel (AR)
\captionmargin=\dimen188
\captionmargin@=\dimen189
\captionwidth=\dimen190
\caption@indent=\dimen191
\caption@parindent=\dimen192
\caption@hangindent=\dimen193
)
\c@ContinuedFloat=\count131
Package caption Info: float package is loaded.
Package caption Info: listings package is loaded.
)
(/usr/local/texlive/2012/texmf-dist/tex/latex/colortbl/colortbl.sty
Package: colortbl 2012/02/13 v1.0a Color table columns (DPC)
\everycr=\toks42
\minrowclearance=\skip45
)
(/usr/local/texlive/2012/texmf-dist/tex/latex/tools/tabularx.sty
Package: tabularx 1999/01/07 v2.07 `tabularx' package (DPC)
\TX@col@width=\dimen194
\TX@old@table=\dimen195
\TX@old@col=\dimen196
\TX@target=\dimen197
\TX@delta=\dimen198
\TX@cols=\count132
\TX@ftn=\toks43
)
(/usr/local/texlive/2012/texmf-dist/tex/latex/mh/mathtools.sty
Package: mathtools 2012/04/24 v1.12 mathematical typesetting tools

(/usr/local/texlive/2012/texmf-dist/tex/latex/tools/calc.sty
Package: calc 2007/08/22 v4.3 Infix arithmetic (KKT,FJ)
\calc@Acount=\count133
\calc@Bcount=\count134
\calc@Adimen=\dimen199
\calc@Bdimen=\dimen200
\calc@Askip=\skip46
\calc@Bskip=\skip47
LaTeX Info: Redefining \setlength on input line 76.
LaTeX Info: Redefining \addtolength on input line 77.
\calc@Ccount=\count135
\calc@Cskip=\skip48
)
(/usr/local/texlive/2012/texmf-dist/tex/latex/mh/mhsetup.sty
Package: mhsetup 2010/01/21 v1.2a programming setup (MH)
)
(/usr/local/texlive/2012/texmf-dist/tex/latex/amsmath/amsmath.sty
Package: amsmath 2000/07/18 v2.13 AMS math features
\@mathmargin=\skip49

For additional information on amsmath, use the `?' option.
(/usr/local/texlive/2012/texmf-dist/tex/latex/amsmath/amstext.sty
Package: amstext 2000/06/29 v2.01

(/usr/local/texlive/2012/texmf-dist/tex/latex/amsmath/amsgen.sty
File: amsgen.sty 1999/11/30 v2.0
\@emptytoks=\toks44
\ex@=\dimen201
))
(/usr/local/texlive/2012/texmf-dist/tex/latex/amsmath/amsbsy.sty
Package: amsbsy 1999/11/29 v1.2d
\pmbraise@=\dimen202
)
(/usr/local/texlive/2012/texmf-dist/tex/latex/amsmath/amsopn.sty
Package: amsopn 1999/12/14 v2.01 operator names
)
\inf@bad=\count136
LaTeX Info: Redefining \frac on input line 211.
\uproot@=\count137
\leftroot@=\count138
LaTeX Info: Redefining \overline on input line 307.
\classnum@=\count139
\DOTSCASE@=\count140
LaTeX Info: Redefining \ldots on input line 379.
LaTeX Info: Redefining \dots on input line 382.
LaTeX Info: Redefining \cdots on input line 467.
\Mathstrutbox@=\box42
\strutbox@=\box43
\big@size=\dimen203
LaTeX Font Info:    Redeclaring font encoding OML on input line 567.
LaTeX Font Info:    Redeclaring font encoding OMS on input line 568.
\macc@depth=\count141
\c@MaxMatrixCols=\count142
\dotsspace@=\muskip10
\c@parentequation=\count143
\dspbrk@lvl=\count144
\tag@help=\toks45
\row@=\count145
\column@=\count146
\maxfields@=\count147
\andhelp@=\toks46
\eqnshift@=\dimen204
\alignsep@=\dimen205
\tagshift@=\dimen206
\tagwidth@=\dimen207
\totwidth@=\dimen208
\lineht@=\dimen209
\@envbody=\toks47
\multlinegap=\skip50
\multlinetaggap=\skip51
\mathdisplay@stack=\toks48
LaTeX Info: Redefining \[ on input line 2666.
LaTeX Info: Redefining \] on input line 2667.
)
\g_MT_multlinerow_int=\count148
\l_MT_multwidth_dim=\dimen210
\origjot=\skip52
\l_MT_shortvdotswithinadjustabove_dim=\dimen211
\l_MT_shortvdotswithinadjustbelow_dim=\dimen212
\l_MT_above_intertext_dim=\dimen213
\l_MT_below_intertext_dim=\dimen214
\l_MT_above_shortintertext_dim=\dimen215
\l_MT_below_shortintertext_dim=\dimen216
) (./dipp.aux

LaTeX Warning: Label `navigation_bar' multiply defined.


LaTeX Warning: Label `navigation_bar' multiply defined.


LaTeX Warning: Label `navigation_bar' multiply defined.


LaTeX Warning: Label `class_diagram' multiply defined.


LaTeX Warning: Label `class_diagram' multiply defined.


LaTeX Warning: Label `class_diagram' multiply defined.


LaTeX Warning: Label `class_diagram' multiply defined.


LaTeX Warning: Label `screenshot3' multiply defined.


LaTeX Warning: Label `screenshot3' multiply defined.

)
\openout1 = `dipp.aux'.

LaTeX Font Info:    Checking defaults for OML/cmm/m/it on input line 35.
LaTeX Font Info:    ... okay on input line 35.
LaTeX Font Info:    Checking defaults for T1/cmr/m/n on input line 35.
LaTeX Font Info:    ... okay on input line 35.
LaTeX Font Info:    Checking defaults for OT1/cmr/m/n on input line 35.
LaTeX Font Info:    ... okay on input line 35.
LaTeX Font Info:    Checking defaults for OMS/cmsy/m/n on input line 35.
LaTeX Font Info:    ... okay on input line 35.
LaTeX Font Info:    Checking defaults for OMX/cmex/m/n on input line 35.
LaTeX Font Info:    ... okay on input line 35.
LaTeX Font Info:    Checking defaults for U/cmr/m/n on input line 35.
LaTeX Font Info:    ... okay on input line 35.
 (/usr/local/texlive/2012/texmf-dist/tex/latex/ucs/ucsencs.def
File: ucsencs.def 2011/01/21 Fixes to fontencodings LGR, T3
)
(/usr/local/texlive/2012/texmf-dist/tex/context/base/supp-pdf.mkii
[Loading MPS to PDF converter (version 2006.09.02).]
\scratchcounter=\count149
\scratchdimen=\dimen217
\scratchbox=\box44
\nofMPsegments=\count150
\nofMParguments=\count151
\everyMPshowfont=\toks49
\MPscratchCnt=\count152
\MPscratchDim=\dimen218
\MPnumerator=\count153
\makeMPintoPDFobject=\count154
\everyMPtoPDFconversion=\toks50
) (/usr/local/texlive/2012/texmf-dist/tex/generic/oberdiek/pdftexcmds.sty
Package: pdftexcmds 2011/11/29 v0.20 Utility functions of pdfTeX for LuaTeX (HO
)

(/usr/local/texlive/2012/texmf-dist/tex/generic/oberdiek/ifluatex.sty
Package: ifluatex 2010/03/01 v1.3 Provides the ifluatex switch (HO)
Package ifluatex Info: LuaTeX not detected.
)
(/usr/local/texlive/2012/texmf-dist/tex/generic/oberdiek/ifpdf.sty
Package: ifpdf 2011/01/30 v2.3 Provides the ifpdf switch (HO)
Package ifpdf Info: pdfTeX in PDF mode is detected.
)
Package pdftexcmds Info: LuaTeX not detected.
Package pdftexcmds Info: \pdf@primitive is available.
Package pdftexcmds Info: \pdf@ifprimitive is available.
Package pdftexcmds Info: \pdfdraftmode found.
)
(/usr/local/texlive/2012/texmf-dist/tex/latex/oberdiek/epstopdf-base.sty
Package: epstopdf-base 2010/02/09 v2.5 Base part for package epstopdf

(/usr/local/texlive/2012/texmf-dist/tex/latex/oberdiek/grfext.sty
Package: grfext 2010/08/19 v1.1 Manage graphics extensions (HO)

(/usr/local/texlive/2012/texmf-dist/tex/generic/oberdiek/kvdefinekeys.sty
Package: kvdefinekeys 2011/04/07 v1.3 Define keys (HO)
))
(/usr/local/texlive/2012/texmf-dist/tex/latex/oberdiek/kvoptions.sty
Package: kvoptions 2011/06/30 v3.11 Key value format for package options (HO)

(/usr/local/texlive/2012/texmf-dist/tex/generic/oberdiek/kvsetkeys.sty
Package: kvsetkeys 2012/04/25 v1.16 Key value parser (HO)

(/usr/local/texlive/2012/texmf-dist/tex/generic/oberdiek/etexcmds.sty
Package: etexcmds 2011/02/16 v1.5 Avoid name clashes with e-TeX commands (HO)
Package etexcmds Info: Could not find \expanded.
(etexcmds)             That can mean that you are not using pdfTeX 1.50 or
(etexcmds)             that some package has redefined \expanded.
(etexcmds)             In the latter case, load this package earlier.
)))
Package grfext Info: Graphics extension search list:
(grfext)             [.png,.pdf,.jpg,.mps,.jpeg,.jbig2,.jb2,.PNG,.PDF,.JPG,.JPE
G,.JBIG2,.JB2,.eps]
(grfext)             \AppendGraphicsExtensions on input line 452.

(/usr/local/texlive/2012/texmf-dist/tex/latex/latexconfig/epstopdf-sys.cfg
File: epstopdf-sys.cfg 2010/07/13 v1.3 Configuration of (r)epstopdf for TeX Liv
e
))
\c@lstlisting=\count155

ABD: EveryShipout initializing macros
Package caption Info: Begin \AtBeginDocument code.
Package caption Info: End \AtBeginDocument code.

(/usr/local/texlive/2012/texmf-dist/tex/latex/ucs/data/uni-1.def
File: uni-1.def 2012/04/20 UCS: Unicode data U+0100..U+01FF
)
(/usr/local/texlive/2012/texmf-dist/tex/latex/ucs/data/uni-0.def
File: uni-0.def 2012/04/20 UCS: Unicode data U+0000..U+00FF
) [1

{/usr/local/texlive/2012/texmf-var/fonts/map/pdftex/updmap/pdftex.map}] [2

] [3] [4

]
LaTeX Font Info:    Try loading font information for OMS+cmr on input line 51.

(/usr/local/texlive/2012/texmf-dist/tex/latex/base/omscmr.fd
File: omscmr.fd 1999/05/25 v2.5h Standard LaTeX font definitions
)
LaTeX Font Info:    Font shape `OMS/cmr/m/n' in size <12> not available
(Font)              Font shape `OMS/cmsy/m/n' tried instead on input line 51.
 [5] [6] [7]
[8

] (./dipp.toc [9])
\tf@toc=\write5
\openout5 = `dipp.toc'.

 [10] [11


]
<images/marker-tracking.jpg, id=49, 745.78625pt x 557.08125pt>
File: images/marker-tracking.jpg Graphic file (type jpg)

<use images/marker-tracking.jpg>
Package pdftex.def Info: images/marker-tracking.jpg used on input line 95.
(pdftex.def)             Requested size: 331.23871pt x 247.4201pt.
 [12

 <./images/marker-tracking.jpg>]
<images/markerless-tracking.jpg, id=53, 481.8pt x 321.2pt>
File: images/markerless-tracking.jpg Graphic file (type jpg)

<use images/markerless-tracking.jpg>
Package pdftex.def Info: images/markerless-tracking.jpg used on input line 104.

(pdftex.def)             Requested size: 351.31378pt x 234.2143pt.

<images/slam.jpg, id=54, 283.0575pt x 192.72pt>
File: images/slam.jpg Graphic file (type jpg)
 <use images/slam.jpg>
Package pdftex.def Info: images/slam.jpg used on input line 113.
(pdftex.def)             Requested size: 351.31378pt x 239.21144pt.
 [13 <./images/markerless-tracking.jpg>]
Underfull \hbox (badness 1609) in paragraph at lines 120--121
\OT1/cmr/m/n/12 Z uve-den^^Sych in-for-mac^^S^^P vypl^^Syv^^Sa, ^^Tze im-ple-me
nta^^Tcn^^Te nej-jed-nodu^^Ts^^Ts^^S^^Pm a nej-do-
 []

[14 <./images/slam.jpg>]
Underfull \hbox (badness 1253) in paragraph at lines 137--138
\OT1/cmr/m/n/12 Masov^^Te mul-tipla-ye-rov^^Sa on-line hra vyv^^S^^Pjen^^Sa sta
rtu-pem \OT1/cmr/m/it/12 Ni-an-tics Labs\OT1/cmr/m/n/12 , kte-rou
 []

<images/ingress.jpg, id=62, 770.88pt x 1134.2375pt>
File: images/ingress.jpg Graphic file (type jpg)
 <use images/ingress.jpg>
Package pdftex.def Info: images/ingress.jpg used on input line 142.
(pdftex.def)             Requested size: 321.20117pt x 472.58626pt.

[15

] [16 <./images/ingress.jpg>]
<images/drakerz-confrontation.jpg, id=69, 821.0675pt x 440.64626pt>
File: images/drakerz-confrontation.jpg Graphic file (type jpg)

<use images/drakerz-confrontation.jpg>
Package pdftex.def Info: images/drakerz-confrontation.jpg used on input line 15
9.
(pdftex.def)             Requested size: 425.59155pt x 228.40448pt.
 [17 <./images/drakerz-confrontation.jpg>] <images/arhrrrr.jpg, id=73, 602.25pt
 x 351.3125pt>
File: images/arhrrrr.jpg Graphic file (type jpg)
 <use images/arhrrrr.jpg>
Package pdftex.def Info: images/arhrrrr.jpg used on input line 173.
(pdftex.def)             Requested size: 425.59155pt x 248.27036pt.

[18 <./images/arhrrrr.jpg>]
<images/artoolkit_benchmark.png, id=77, 682.55pt x 501.875pt>
File: images/artoolkit_benchmark.png Graphic file (type png)

<use images/artoolkit_benchmark.png>
Package pdftex.def Info: images/artoolkit_benchmark.png used on input line 196.

(pdftex.def)             Requested size: 401.50146pt x 295.223pt.
 [19

 <./images/artoolkit_benchmark.png (PNG copy)>]
<images/Polycount_SDK_iOS_20fps.png, id=82, 646.66594pt x 398.23781pt>
File: images/Polycount_SDK_iOS_20fps.png Graphic file (type png)

<use images/Polycount_SDK_iOS_20fps.png>
Package pdftex.def Info: images/Polycount_SDK_iOS_20fps.png used on input line 
210.
(pdftex.def)             Requested size: 425.59155pt x 262.09033pt.
 [20 <./images/Polycount_SDK_iOS_20fps.png>] [21] [22

] [23] [24] [25

]
<images/code_model_loading.png, id=104, 637.38126pt x 198.7425pt>
File: images/code_model_loading.png Graphic file (type png)

<use images/code_model_loading.png>
Package pdftex.def Info: images/code_model_loading.png used on input line 344.
(pdftex.def)             Requested size: 401.50146pt x 125.19327pt.

<images/code_animation.png, id=105, 356.33125pt x 33.12375pt>
File: images/code_animation.png Graphic file (type png)

<use images/code_animation.png>
Package pdftex.def Info: images/code_animation.png used on input line 357.
(pdftex.def)             Requested size: 200.75073pt x 18.66136pt.
 [26 <./images/code_model_loading.png>]
<images/code_coordinate.png, id=110, 860.21375pt x 32.12pt>
File: images/code_coordinate.png Graphic file (type png)

<use images/code_coordinate.png>
Package pdftex.def Info: images/code_coordinate.png used on input line 368.
(pdftex.def)             Requested size: 431.61407pt x 16.1163pt.
 [27 <./images/code_animation.png> <./images/code_coordinate.png>]
Underfull \hbox (badness 2050) in paragraph at lines 392--393
[]\OT1/cmr/bx/n/12 GraphicsCore \OT1/cmr/m/n/12 - gra-fick^^Se j^^Sadro hry, za
ji^^Tst[]uje vy-kres-lov^^San^^S^^P ob-jekt^^Wu na
 []

<images/model.png, id=116, 845.1575pt x 612.2875pt>
File: images/model.png Graphic file (type png)
 <use images/model.png>
Package pdftex.def Info: images/model.png used on input line 405.
(pdftex.def)             Requested size: 421.57654pt x 305.4236pt.

[28] <images/nav_bar_iphone.png, id=120, 1541.76pt x 130.4875pt>
File: images/nav_bar_iphone.png Graphic file (type png)

<use images/nav_bar_iphone.png>
Package pdftex.def Info: images/nav_bar_iphone.png used on input line 419.
(pdftex.def)             Requested size: 421.57654pt x 35.68008pt.
 [29 <./images/model.png> <./images/nav_bar_iphone.png>] <images/hamburger_menu
.png, id=126, 155.58125pt x 130.4875pt>
File: images/hamburger_menu.png Graphic file (type png)

<use images/hamburger_menu.png>
Package pdftex.def Info: images/hamburger_menu.png used on input line 429.
(pdftex.def)             Requested size: 100.37537pt x 84.18668pt.

<images/ipad-toucharea.png, id=127, 649.7073pt x 916.6245pt>
File: images/ipad-toucharea.png Graphic file (type png)

<use images/ipad-toucharea.png>
Package pdftex.def Info: images/ipad-toucharea.png used on input line 440.
(pdftex.def)             Requested size: 301.1261pt x 424.84131pt.
 [30 <./images/hamburger_menu.png>]
<images/ipad_layout_ux.jpg, id=132, 2707.11375pt x 3397.69376pt>
File: images/ipad_layout_ux.jpg Graphic file (type jpg)

<use images/ipad_layout_ux.jpg>
Package pdftex.def Info: images/ipad_layout_ux.jpg used on input line 452.
(pdftex.def)             Requested size: 301.1261pt x 377.89503pt.
 [31 <./images/ipad-toucharea.png>] [32 <./images/ipad_layout_ux.jpg>]
<images/ipad-layout.jpg, id=141, 2707.11375pt x 3397.69376pt>
File: images/ipad-layout.jpg Graphic file (type jpg)

<use images/ipad-layout.jpg>
Package pdftex.def Info: images/ipad-layout.jpg used on input line 477.
(pdftex.def)             Requested size: 431.61407pt x 541.67203pt.
 [33]
<images/core-data-model.png, id=145, 436.63126pt x 295.1025pt>
File: images/core-data-model.png Graphic file (type png)

<use images/core-data-model.png>
Package pdftex.def Info: images/core-data-model.png used on input line 489.
(pdftex.def)             Requested size: 401.50146pt x 271.36249pt.
 [34 <./images/ipad-layout.jpg>] [35 <./images/core-data-model.png>] [36] [37]
Underfull \hbox (badness 1509) in paragraph at lines 571--572
\OT1/cmr/m/it/12 p^^Trem^^Sy^^Tslet!: prak-tick^^Sy pr^^Wuvodce tes-tov^^San^^S
^^Pm a opra-vou chyb pou^^Tzitelnost webu\OT1/cmr/m/n/12 ,
 []

[38

] [39] [40] [41] [42]
Underfull \hbox (badness 2351) in paragraph at lines 664--665
[]\OT1/cmr/m/n/12 Na po-sledn^^S^^Pch stan^^Sach t^^Seto pr^^Sace si lze prohl^
^Sednout uk^^Sazky pr^^Sace a
 []

[43

] [44] [45

] <images/screenshot1.jpg, id=188, 1541.76pt x 2055.68pt>
File: images/screenshot1.jpg Graphic file (type jpg)

<use images/screenshot1.jpg>
Package pdftex.def Info: images/screenshot1.jpg used on input line 692.
(pdftex.def)             Requested size: 401.50146pt x 535.31111pt.

<images/screenshot2.png, id=189, 1541.76pt x 2055.68pt>
File: images/screenshot2.png Graphic file (type png)

<use images/screenshot2.png>
Package pdftex.def Info: images/screenshot2.png used on input line 700.
(pdftex.def)             Requested size: 401.50146pt x 535.31111pt.
 [46 <./images/screenshot1.jpg>]
<images/screenshot3.jpg, id=193, 1541.76pt x 2055.68pt>
File: images/screenshot3.jpg Graphic file (type jpg)

<use images/screenshot3.jpg>
Package pdftex.def Info: images/screenshot3.jpg used on input line 708.
(pdftex.def)             Requested size: 401.50146pt x 535.31111pt.
 [47 <./images/screenshot2.png>] [48 <./images/screenshot3.jpg>]
Underfull \hbox (badness 1142) in paragraph at lines 739--740
[]\OT1/cmr/m/sc/12 Peoleo \OT1/cmr/m/it/12 Drakerz-Confrontation About \OT1/cmr
/m/n/12 [on-line]. [cit. 2015-03-31]. Do-stupn^^Se z:
 []


Underfull \hbox (badness 10000) in paragraph at lines 746--747
[]\OT1/cmr/m/sc/12 Venture Beat \OT1/cmr/m/it/12 Drakerz-Confrontation augmente
d-reality card game
 []


Underfull \hbox (badness 10000) in paragraph at lines 746--747
\OT1/cmr/m/it/12 laun-ches in the U.S. \OT1/cmr/m/n/12 [on-line]. [cit. 2015-03
-31]. Do-stupn^^Se z:
 []


Underfull \hbox (badness 10000) in paragraph at lines 746--747
\OT1/cmr/m/n/12 http://venturebeat.com/2014/07/01/drazkerz-confrontation-augmen
ted-
 []


Underfull \hbox (badness 10000) in paragraph at lines 760--761
[]\OT1/cmr/m/sc/12 Wikipedia \OT1/cmr/m/it/12 Wi-ki-pe-dia \OT1/cmr/m/n/12 [on-
line]. [cit. 2015-04-02]. Do-stupn^^Se z:
 []


Underfull \hbox (badness 4013) in paragraph at lines 767--768
[]\OT1/cmr/m/sc/12 Paul Burke \OT1/cmr/m/it/12 Ob-ject Fi-les (.obj) \OT1/cmr/m
/n/12 [on-line]. [cit. 2015-04-02]. Do-stupn^^Se z:
 []


Underfull \hbox (badness 10000) in paragraph at lines 774--775
[]\OT1/cmr/m/sc/12 M.H. Wil-li-ams \OT1/cmr/m/it/12 id Soft-ware Wants To Shor-
ten Dev
 []


Underfull \hbox (badness 10000) in paragraph at lines 774--775
\OT1/cmr/m/it/12 Cycles \OT1/cmr/m/n/12 [on-line]. [cit. 2015-04-02]. Do-stupn^
^Se z:
 []


Overfull \hbox (51.23286pt too wide) in paragraph at lines 774--775
\OT1/cmr/m/n/12 http://web.archive.org/web/20110827005123/http://www.industryga
mers.com/news/id-
 []


Underfull \hbox (badness 10000) in paragraph at lines 781--782
[]\OT1/cmr/m/sc/12 Wikipedia \OT1/cmr/m/it/12 Wi-ki-pe-dia \OT1/cmr/m/n/12 [on-
line]. [cit. 2015-04-02]. Do-stupn^^Se z:
 []


Underfull \hbox (badness 10000) in paragraph at lines 788--789
[]\OT1/cmr/m/sc/12 Wikipedia \OT1/cmr/m/it/12 Wi-ki-pe-dia \OT1/cmr/m/n/12 [on-
line]. [cit. 2015-04-02]. Do-stupn^^Se z:
 []


Underfull \hbox (badness 10000) in paragraph at lines 802--803
[]\OT1/cmr/m/sc/12 Autodesk \OT1/cmr/m/it/12 FBX \OT1/cmr/m/n/12 [on-line]. [ci
t. 2015-04-02]. Do-stupn^^Se z:
 []


Underfull \hbox (badness 10000) in paragraph at lines 809--810
[]\OT1/cmr/m/sc/12 Autodesk \OT1/cmr/m/it/12 FBX SDK \OT1/cmr/m/n/12 [on-line].
 [cit. 2015-04-02]. Do-stupn^^Se z:
 []


Underfull \hbox (badness 10000) in paragraph at lines 809--810
\OT1/cmr/m/n/12 http://usa.autodesk.com/adsk/servlet/pc/item?siteID=123112&id=1
0775847
 []


Underfull \hbox (badness 10000) in paragraph at lines 816--817
[]\OT1/cmr/m/sc/12 The Hu-man In-ter-face Tech-no-logy Lab, Uni-ver-sity of Wa-

 []


Underfull \hbox (badness 10000) in paragraph at lines 816--817
\OT1/cmr/m/sc/12 shing-ton \OT1/cmr/m/it/12 Fe-a-ture list \OT1/cmr/m/n/12 [on-
line]. [cit. 2015-04-02]. Do-stupn^^Se z:
 []


Underfull \hbox (badness 10000) in paragraph at lines 823--824
[]\OT1/cmr/m/sc/12 The Hu-man In-ter-face Tech-no-logy La-bo-ra-tory New Ze-a-
 []


Underfull \hbox (badness 10000) in paragraph at lines 823--824
\OT1/cmr/m/sc/12 land \OT1/cmr/m/it/12 OS-GART web-site \OT1/cmr/m/n/12 [on-lin
e]. [cit. 2015-04-02]. Do-stupn^^Se z:
 []

[49]
Underfull \hbox (badness 10000) in paragraph at lines 837--838
[]\OT1/cmr/m/sc/12 Qualcomm \OT1/cmr/m/it/12 3D File For-mats \OT1/cmr/m/n/12 [
on-line]. [cit. 2015-04-02]. Do-stupn^^Se z:
 []


Underfull \hbox (badness 10000) in paragraph at lines 837--838
\OT1/cmr/m/n/12 https://developer.vuforia.com/library/articles/Solution/3D-File
-Formats.
 []

(/usr/local/texlive/2012/texmf-dist/tex/latex/ucs/data/uni-32.def
File: uni-32.def 2012/04/20 UCS: Unicode data U+2000..U+20FF
)
Underfull \hbox (badness 10000) in paragraph at lines 852--853
[]\OT1/cmr/m/sc/12 The Gu-ar-dian \OT1/cmr/m/it/12 Sam-sung cre-a-tes drone, ro
-bo-tics and vir-
 []


Underfull \hbox (badness 10000) in paragraph at lines 852--853
\OT1/cmr/m/it/12 tual re-a-lity lab \OT1/cmr/m/n/12 [on-line]. [cit. 2015-04-12
]. Do-stupn^^Se z:
 []


Underfull \hbox (badness 10000) in paragraph at lines 852--853
\OT1/cmr/m/n/12 http://www.theguardian.com/technology/2015/feb/10/samsung-indep
endent-
 []


Underfull \hbox (badness 10000) in paragraph at lines 859--860
[]\OT1/cmr/m/sc/12 GSMA Mo-bile Eco-nomy \OT1/cmr/m/it/12 The Mo-bile Eco-nomy
 []


Underfull \hbox (badness 10000) in paragraph at lines 859--860
\OT1/cmr/m/it/12 2015 \OT1/cmr/m/n/12 [on-line]. [cit. 2015-04-12]. Do-stupn^^S
e z:
 []


Overfull \hbox (47.91763pt too wide) in paragraph at lines 859--860
\OT1/cmr/m/n/12 http://www.gsmamobileeconomy.com/GSMA[]Global[]Mobile[]Economy[
]Report[]2015.pdf
 []


Underfull \hbox (badness 2564) in paragraph at lines 873--874
[]\OT1/cmr/m/sc/12 The Fun-tasty \OT1/cmr/m/it/12 TFTable-De-scrip-tor \OT1/cmr
/m/n/12 [on-line]. [cit. 2015-04-12]. Do-stupn^^Se z:
 []


Underfull \hbox (badness 1342) in paragraph at lines 894--895
[]\OT1/cmr/m/sc/12 Pavla Lich-novsk[]a a Eva Kar-be-rov[]a, Fi-lo-zo-fick[]a fa
-kulta Ma-sa-
 []


Underfull \hbox (badness 1194) in paragraph at lines 894--895
\OT1/cmr/m/it/12 Tes-tov^^San^^S^^P a hod-no-cen^^S^^P roz-hran^^S^^P \OT1/cmr/
m/n/12 [on-line]. [cit. 2015-05-11]. http://human-
 []


Underfull \hbox (badness 10000) in paragraph at lines 894--895
\OT1/cmr/m/n/12 computer-interaction.webnode.cz/testovani-a-hodnoceni-rozhrani/
metody-
 []


Underfull \hbox (badness 6893) in paragraph at lines 915--916
[]\OT1/cmr/m/sc/12 Jakob Niel-sen \OT1/cmr/m/it/12 Usa-bi-lity In-spection Me-t
hods \OT1/cmr/m/n/12 [on-line]. [cit. 2015-05-11].
 []


Overfull \hbox (56.70781pt too wide) in paragraph at lines 915--916
\OT1/cmr/m/n/12 http://www.idemployee.id.tue.nl/g.w.m.rauterberg/lecturenotes/0
H420/Nielsen[1994].pdf
 []

[50]
Underfull \hbox (badness 10000) in paragraph at lines 935--936
[]\OT1/cmr/m/sc/12 Game gu-ide \OT1/cmr/m/it/12 Game gu-ide \OT1/cmr/m/n/12 [on
-line]. [cit. 2015-04-02]. Game gu-ide
 []


Underfull \hbox (badness 10000) in paragraph at lines 935--936
\OT1/cmr/m/n/12 Obr^^Sazek ve form^^Satu: JPEG. Do-stupn^^Se z: http://game-gui
de.fr/wp-
 []


Underfull \hbox (badness 10000) in paragraph at lines 943--944
[]\OT1/cmr/m/sc/12 Engadget \OT1/cmr/m/it/12 En-gad-get \OT1/cmr/m/n/12 [on-lin
e]. [cit. 2015-04-02]. En-
 []


Underfull \hbox (badness 10000) in paragraph at lines 943--944
\OT1/cmr/m/n/12 gad-get Obr^^Sazek ve form^^Satu: JPEG. Do-stupn^^Se z:
 []


Underfull \hbox (badness 10000) in paragraph at lines 943--944
\OT1/cmr/m/n/12 http://www.blogcdn.com/www.engadget.com/media/2009/06/arhrrrr-p
ic-
 []


Underfull \hbox (badness 10000) in paragraph at lines 951--952
[]\OT1/cmr/m/sc/12 VTTResearch \OT1/cmr/m/it/12 Mar-ker trac-king \OT1/cmr/m/n/
12 [on-line]. [cit. 2015-04-02].
 []


Underfull \hbox (badness 10000) in paragraph at lines 951--952
\OT1/cmr/m/n/12 VT-TRe-search Obr^^Sazek ve form^^Satu: JPEG. Do-stupn^^Se z:
 []


Overfull \hbox (0.50423pt too wide) in paragraph at lines 951--952
\OT1/cmr/m/n/12 http://virtual.vtt.fi/virtual/proj2/multimedia/media/images/Mul
tiMarker.jpg
 []


Underfull \hbox (badness 10000) in paragraph at lines 959--960
[]\OT1/cmr/m/sc/12 Wikipedia \OT1/cmr/m/it/12 Wi-ki-pe-dia \OT1/cmr/m/n/12 [on-
line]. [cit. 2015-04-02]. Wi-ki-
 []


Underfull \hbox (badness 10000) in paragraph at lines 959--960
\OT1/cmr/m/n/12 pe-dia.org Obr^^Sazek ve form^^Satu: JPEG. Do-stupn^^Se z:
 []


Overfull \hbox (103.64618pt too wide) in paragraph at lines 959--960
\OT1/cmr/m/n/12 http://upload.wikimedia.org/wikipedia/commons/f/f4/App[]iSkull,
[]an[]augmented[]human[]skull.jpg
 []


Underfull \hbox (badness 10000) in paragraph at lines 967--968
[]\OT1/cmr/m/sc/12 Department of En-gi-nee-ring Science, Uni-ver-sity of Ox-
 []


Underfull \hbox (badness 10000) in paragraph at lines 967--968
\OT1/cmr/m/sc/12 ford \OT1/cmr/m/it/12 SLAM \OT1/cmr/m/n/12 [on-line]. [cit. 20
15-04-02]. Obr^^Sazek ve form^^Satu:
 []


Underfull \hbox (badness 10000) in paragraph at lines 967--968
\OT1/cmr/m/n/12 JPEG. Do-stupn^^Se z: http://www.robots.ox.ac.uk/ la-v/-Pa-per-
s/-
 []


Underfull \hbox (badness 10000) in paragraph at lines 975--976
[]\OT1/cmr/m/sc/12 The Hu-man In-ter-face Tech-no-logy Lab, Uni-ver-
 []


Underfull \hbox (badness 10000) in paragraph at lines 975--976
\OT1/cmr/m/sc/12 sity of Wa-shing-ton \OT1/cmr/m/it/12 AR-Tool-Kit Ben-chmarks 
\OT1/cmr/m/n/12 [on-line].
 []


Underfull \hbox (badness 10000) in paragraph at lines 975--976
\OT1/cmr/m/n/12 [cit. 2015-04-03]. Obr^^Sazek ve form^^Satu: JPEG. Do-stupn^^Se
 z:
 []


Underfull \hbox (badness 10000) in paragraph at lines 975--976
\OT1/cmr/m/n/12 http://www.hitl.washington.edu/artoolkit/documentation/benchmar
k.htm
 []


Underfull \hbox (badness 10000) in paragraph at lines 983--984
[]\OT1/cmr/m/sc/12 Metaio GmbH \OT1/cmr/m/it/12 Me-taio iOS po-ly-count \OT1/cm
r/m/n/12 [on-line]. [cit. 2015-
 []


Underfull \hbox (badness 10000) in paragraph at lines 983--984
\OT1/cmr/m/n/12 04-03]. Obr^^Sazek ve form^^Satu: JPEG. Do-stupn^^Se z:
 []


Underfull \hbox (badness 10000) in paragraph at lines 983--984
\OT1/cmr/m/n/12 http://dev.metaio.com/sdk/documentation/content-creation/3d-
 []


Underfull \hbox (badness 4108) in paragraph at lines 991--992
[]\OT1/cmr/m/sc/12 Davide 'Folletto' Ca-sali \OT1/cmr/m/it/12 Ham-bur-ger Icon 
/ Le-xi-con Nug-get 2 \OT1/cmr/m/n/12 [on-
 []


Underfull \hbox (badness 10000) in paragraph at lines 991--992
\OT1/cmr/m/n/12 line]. [cit. 2015-04-28]. Obr^^Sazek ve form^^Satu: JPEG. Do-st
upn^^Se z:
 []


Underfull \hbox (badness 10000) in paragraph at lines 999--1000
[]\OT1/cmr/m/sc/12 Apple Inc. \OT1/cmr/m/it/12 Adap-ti-vity and La-y-out \OT1/c
mr/m/n/12 [on-line]. [cit. 2015-
 []


Underfull \hbox (badness 10000) in paragraph at lines 999--1000
\OT1/cmr/m/n/12 04-28]. Obr^^Sazek ve form^^Satu: JPEG. Do-stupn^^Se z:
 []


Overfull \hbox (430.37007pt too wide) in paragraph at lines 999--1000
\OT1/cmr/m/n/12 https://developer.apple.com/library/ios/documentation/UserExper
ience/Conceptual/MobileHIG/LayoutandAppearance.html#//apple[]ref/doc/uid/TP4000
6556-
 []

[51] [52] (./dipp.aux)

LaTeX Warning: There were multiply-defined labels.

 ) 
Here is how much of TeX's memory you used:
 23242 strings out of 493488
 498261 string characters out of 3141326
 603835 words of memory out of 3000000
 26056 multiletter control sequences out of 15000+200000
 12674 words of font info for 45 fonts, out of 3000000 for 9000
 957 hyphenation exceptions out of 8191
 63i,14n,92p,1482b,609s stack positions out of 5000i,500n,10000p,200000b,50000s
</usr/local/texlive/2012/texmf-dist/fonts/type1/public/amsfonts/cm/cmbx12.pfb
></usr/local/texlive/2012/texmf-dist/fonts/type1/public/amsfonts/cm/cmcsc10.pfb
></usr/local/texlive/2012/texmf-dist/fonts/type1/public/amsfonts/cm/cmex10.pfb>
</usr/local/texlive/2012/texmf-dist/fonts/type1/public/amsfonts/cm/cmmi12.pfb><
/usr/local/texlive/2012/texmf-dist/fonts/type1/public/amsfonts/cm/cmmi8.pfb></u
sr/local/texlive/2012/texmf-dist/fonts/type1/public/amsfonts/cm/cmr12.pfb></usr
/local/texlive/2012/texmf-dist/fonts/type1/public/amsfonts/cm/cmr6.pfb></usr/lo
cal/texlive/2012/texmf-dist/fonts/type1/public/amsfonts/cm/cmss10.pfb></usr/loc
al/texlive/2012/texmf-dist/fonts/type1/public/amsfonts/cm/cmss12.pfb></usr/loca
l/texlive/2012/texmf-dist/fonts/type1/public/amsfonts/cm/cmss17.pfb></usr/local
/texlive/2012/texmf-dist/fonts/type1/public/amsfonts/cm/cmssbx10.pfb></usr/loca
l/texlive/2012/texmf-dist/fonts/type1/public/amsfonts/cm/cmsy10.pfb></usr/local
/texlive/2012/texmf-dist/fonts/type1/public/amsfonts/cm/cmti12.pfb>
Output written on dipp.pdf (52 pages, 3941669 bytes).
PDF statistics:
 260 PDF objects out of 1000 (max. 8388607)
 160 compressed objects within 2 object streams
 0 named destinations out of 1000 (max. 500000)
 118 words of extra memory for PDF output out of 10000 (max. 10000000)

